2025-11-15T10:00:14.743-05:00  INFO 7328 --- [configserver] [main] c.j.c.ConfigserverApplication            : Starting ConfigserverApplication using Java 21.0.8 with PID 7328 (/home/juan/Escritorio/interviews/kata/backend/configserver/target/classes started by juan in /home/juan/Escritorio/interviews/kata/backend)
2025-11-15T10:00:14.749-05:00  INFO 7328 --- [configserver] [main] c.j.c.ConfigserverApplication            : No active profile set, falling back to 1 default profile: "default"
2025-11-15T10:00:15.987-05:00  INFO 7328 --- [configserver] [main] o.s.cloud.context.scope.GenericScope     : BeanFactory id=61ee11b3-46f6-36de-987d-602cc4e89830
2025-11-15T10:00:16.254-05:00  INFO 7328 --- [configserver] [main] o.s.b.w.embedded.tomcat.TomcatWebServer  : Tomcat initialized with port 8080 (http)
2025-11-15T10:00:16.267-05:00  INFO 7328 --- [configserver] [main] o.apache.catalina.core.StandardService   : Starting service [Tomcat]
2025-11-15T10:00:16.267-05:00  INFO 7328 --- [configserver] [main] o.apache.catalina.core.StandardEngine    : Starting Servlet engine: [Apache Tomcat/10.1.43]
2025-11-15T10:00:16.317-05:00  INFO 7328 --- [configserver] [main] o.a.c.c.C.[Tomcat].[localhost].[/]       : Initializing Spring embedded WebApplicationContext
2025-11-15T10:00:16.317-05:00  INFO 7328 --- [configserver] [main] w.s.c.ServletWebServerApplicationContext : Root WebApplicationContext: initialization completed in 1513 ms
2025-11-15T10:00:19.330-05:00  INFO 7328 --- [configserver] [main] o.s.b.a.e.web.EndpointLinksResolver      : Exposing 2 endpoints beneath base path '/actuator'
2025-11-15T10:00:19.388-05:00  INFO 7328 --- [configserver] [main] o.s.b.w.embedded.tomcat.TomcatWebServer  : Tomcat started on port 8080 (http) with context path '/'
2025-11-15T10:00:19.404-05:00  INFO 7328 --- [configserver] [main] c.j.c.ConfigserverApplication            : Started ConfigserverApplication in 5.568 seconds (process running for 6.911)
2025-11-15T10:00:19.664-05:00  INFO 7328 --- [configserver] [RMI TCP Connection(2)-192.168.0.7] o.a.c.c.C.[Tomcat].[localhost].[/]       : Initializing Spring DispatcherServlet 'dispatcherServlet'
2025-11-15T10:00:19.665-05:00  INFO 7328 --- [configserver] [RMI TCP Connection(2)-192.168.0.7] o.s.web.servlet.DispatcherServlet        : Initializing Servlet 'dispatcherServlet'
2025-11-15T10:00:19.668-05:00  INFO 7328 --- [configserver] [RMI TCP Connection(2)-192.168.0.7] o.s.web.servlet.DispatcherServlet        : Completed initialization in 2 ms
2025-11-15T10:00:25.676-05:00  INFO 7328 --- [configserver] [http-nio-8080-exec-1] o.s.c.c.s.e.NativeEnvironmentRepository  : Adding property source: Config resource 'file [/tmp/config-repo-5538802831353841006/eurekaserver.yml]' via location 'file:/tmp/config-repo-5538802831353841006/'
2025-11-15T10:20:00.550-05:00  INFO 7328 --- [configserver] [http-nio-8080-exec-4] o.s.c.c.s.e.NativeEnvironmentRepository  : Adding property source: Config resource 'file [/tmp/config-repo-5538802831353841006/evaluations.yml]' via location 'file:/tmp/config-repo-5538802831353841006/'
2025-11-15T15:01:13.966-05:00  INFO 7328 --- [configserver] [http-nio-8080-exec-6] o.s.c.c.s.e.NativeEnvironmentRepository  : Adding property source: Config resource 'file [/tmp/config-repo-5538802831353841006/ranking.yml]' via location 'file:/tmp/config-repo-5538802831353841006/'
2025-11-15T18:35:01.506-05:00  INFO 7328 --- [configserver] [http-nio-8080-exec-8] o.s.c.c.s.e.NativeEnvironmentRepository  : Adding property source: Config resource 'file [/tmp/config-repo-5538802831353841006/ranking.yml]' via location 'file:/tmp/config-repo-5538802831353841006/'
2025-11-15T18:46:22.927-05:00  INFO 7328 --- [configserver] [http-nio-8080-exec-9] o.s.c.c.s.e.NativeEnvironmentRepository  : Adding property source: Config resource 'file [/tmp/config-repo-5538802831353841006/ranking.yml]' via location 'file:/tmp/config-repo-5538802831353841006/'
2025-11-15T19:04:28.986-05:00  INFO 7328 --- [configserver] [http-nio-8080-exec-2] o.s.c.c.s.e.NativeEnvironmentRepository  : Adding property source: Config resource 'file [/tmp/config-repo-5538802831353841006/ranking.yml]' via location 'file:/tmp/config-repo-5538802831353841006/'
2025-11-15T19:05:42.741-05:00  INFO 7328 --- [configserver] [http-nio-8080-exec-4] o.s.c.c.s.e.NativeEnvironmentRepository  : Adding property source: Config resource 'file [/tmp/config-repo-5538802831353841006/ranking.yml]' via location 'file:/tmp/config-repo-5538802831353841006/'
2025-11-15T19:05:53.898-05:00  INFO 7328 --- [configserver] [http-nio-8080-exec-6] o.s.c.c.s.e.NativeEnvironmentRepository  : Adding property source: Config resource 'file [/tmp/config-repo-5538802831353841006/ranking.yml]' via location 'file:/tmp/config-repo-5538802831353841006/'
2025-11-15T19:06:35.763-05:00  INFO 7328 --- [configserver] [http-nio-8080-exec-8] o.s.c.c.s.e.NativeEnvironmentRepository  : Adding property source: Config resource 'file [/tmp/config-repo-5538802831353841006/ranking.yml]' via location 'file:/tmp/config-repo-5538802831353841006/'
2025-11-15T19:07:11.521-05:00  INFO 7328 --- [configserver] [http-nio-8080-exec-9] o.s.c.c.s.e.NativeEnvironmentRepository  : Adding property source: Config resource 'file [/tmp/config-repo-5538802831353841006/ranking.yml]' via location 'file:/tmp/config-repo-5538802831353841006/'
2025-11-15T19:08:37.766-05:00  INFO 7328 --- [configserver] [http-nio-8080-exec-2] o.s.c.c.s.e.NativeEnvironmentRepository  : Adding property source: Config resource 'file [/tmp/config-repo-5538802831353841006/ranking.yml]' via location 'file:/tmp/config-repo-5538802831353841006/'
2025-11-15T19:09:11.675-05:00  INFO 7328 --- [configserver] [http-nio-8080-exec-4] o.s.c.c.s.e.NativeEnvironmentRepository  : Adding property source: Config resource 'file [/tmp/config-repo-5538802831353841006/ranking.yml]' via location 'file:/tmp/config-repo-5538802831353841006/'
2025-11-15T19:10:13.587-05:00  INFO 7328 --- [configserver] [http-nio-8080-exec-6] o.s.c.c.s.e.NativeEnvironmentRepository  : Adding property source: Config resource 'file [/tmp/config-repo-5538802831353841006/ranking.yml]' via location 'file:/tmp/config-repo-5538802831353841006/'
2025-11-15T19:10:45.314-05:00  INFO 7328 --- [configserver] [http-nio-8080-exec-8] o.s.c.c.s.e.NativeEnvironmentRepository  : Adding property source: Config resource 'file [/tmp/config-repo-5538802831353841006/ranking.yml]' via location 'file:/tmp/config-repo-5538802831353841006/'
